#
# There is insufficient memory for the Java Runtime Environment to continue.
# Native memory allocation (mmap) failed to map 134217728 bytes for G1 virtual space
# Possible reasons:
#   The system is out of physical RAM or swap space
#   The process is running with CompressedOops enabled, and the Java Heap may be blocking the growth of the native heap
# Possible solutions:
#   Reduce memory load on the system
#   Increase physical memory or swap space
#   Check if swap backing store is full
#   Decrease Java heap size (-Xmx/-Xms)
#   Decrease number of Java threads
#   Decrease Java thread stack sizes (-Xss)
#   Set larger code cache with -XX:ReservedCodeCacheSize=
#   JVM is running with Unscaled Compressed Oops mode in which the Java heap is
#     placed in the first 4GB address space. The Java Heap base address is the
#     maximum limit for the native heap growth. Please use -XX:HeapBaseMinAddress
#     to set the Java Heap base and to place the Java Heap above 4GB virtual address.
# This output file may be truncated or incomplete.
#
#  Out of Memory Error (os_windows.cpp:3527), pid=4960, tid=18772
#
# JRE version:  (19.0.1+10) (build )
# Java VM: Java HotSpot(TM) 64-Bit Server VM (19.0.1+10-21, mixed mode, sharing, tiered, compressed oops, compressed class ptrs, g1 gc, windows-amd64)
# No core dump will be written. Minidumps are not enabled by default on client versions of Windows
#

---------------  S U M M A R Y ------------

Command Line: -Dfile.encoding=UTF-8 --module-path=C:\Users\ASUS\Documents\NetBeansProjects\Hotel Management System\build\classes hotel.management.system.login

Host: Intel(R) Core(TM) i7-3610QM CPU @ 2.30GHz, 8 cores, 7G,  Windows 10 , 64 bit Build 19041 (10.0.19041.2364)
Time: Thu Feb  9 12:44:40 2023 India Standard Time elapsed time: 0.012401 seconds (0d 0h 0m 0s)

---------------  T H R E A D  ---------------

Current thread (0x000001fc50c798e0):  JavaThread "Unknown thread" [_thread_in_vm, id=18772, stack(0x0000006546600000,0x0000006546700000)]

Stack: [0x0000006546600000,0x0000006546700000]
Native frames: (J=compiled Java code, j=interpreted, Vv=VM code, C=native code)
V  [jvm.dll+0x6ee8fa]
V  [jvm.dll+0x857a1e]
V  [jvm.dll+0x85940e]
V  [jvm.dll+0x859ac3]
V  [jvm.dll+0x28291f]
V  [jvm.dll+0x6eb6e9]
V  [jvm.dll+0x6e028a]
V  [jvm.dll+0x357136]
V  [jvm.dll+0x35eb96]
V  [jvm.dll+0x3b555e]
V  [jvm.dll+0x3b578f]
V  [jvm.dll+0x32c6ea]
V  [jvm.dll+0x32d59e]
V  [jvm.dll+0x821b20]
V  [jvm.dll+0x3c27c1]
V  [jvm.dll+0x8022f1]
V  [jvm.dll+0x44b30f]
V  [jvm.dll+0x44cc91]
C  [jli.dll+0x5287]
C  [ucrtbase.dll+0x21bb2]
C  [KERNEL32.DLL+0x17614]
C  [ntdll.dll+0x526a1]


---------------  P R O C E S S  ---------------

Threads class SMR info:
_java_thread_list=0x00007ffeffcad048, length=0, elements={
}

Java Threads: ( => current thread )

Other Threads:
  0x000001fc50cd8f20 WorkerThread "GC Thread#0" [stack: 0x0000006546700000,0x0000006546800000] [id=6352]
  0x000001fc50ceacb0 ConcurrentGCThread "G1 Main Marker" [stack: 0x0000006546800000,0x0000006546900000] [id=18080]
  0x000001fc50cebe80 WorkerThread "G1 Conc#0" [stack: 0x0000006546900000,0x0000006546a00000] [id=17104]

[error occurred during error reporting (printing all threads), id 0xc0000005, EXCEPTION_ACCESS_VIOLATION (0xc0000005) at pc=0x00007ffeff46d127]

VM state: not at safepoint (not fully initialized)

VM Mutex/Monitor currently owned by a thread:  ([mutex/lock_event])
[0x000001fc50c75d60] Heap_lock - owner thread: 0x000001fc50c798e0

Heap address: 0x0000000081c00000, size: 2020 MB, Compressed Oops mode: 32-bit

CDS archive(s) mapped at: [0x0000000000000000-0x0000000000000000-0x0000000000000000), size 0, SharedBaseAddress: 0x0000000800000000, ArchiveRelocationMode: 0.
Narrow klass base: 0x0000000000000000, Narrow klass shift: 0, Narrow klass range: 0x0

GC Precious Log:
 CardTable entry size: 512
 Card Set container configuration: InlinePtr #cards 5 size 8 Array Of Cards #cards 12 size 40 Howl #buckets 4 coarsen threshold 1843 Howl Bitmap #cards 512 size 80 coarsen threshold 460 Card regions per heap region 1 cards per card region 2048

Heap:
 garbage-first heap   total 0K, used 0K [0x0000000081c00000, 0x0000000100000000)
  region size 1024K, 0 young (0K), 0 survivors (0K)

[error occurred during error reporting (printing heap information), id 0xc0000005, EXCEPTION_ACCESS_VIOLATION (0xc0000005) at pc=0x00007ffeff876959]

GC Heap History (0 events):
No events

Dll operation events (1 events):
Event: 0.008 Loaded shared library C:\Program Files\Java\jdk-19\bin\java.dll

Deoptimization events (0 events):
No events

Classes loaded (0 events):
No events

Classes unloaded (0 events):
No events

Classes redefined (0 events):
No events

Internal exceptions (0 events):
No events

VM Operations (0 events):
No events

Events (0 events):
No events


Dynamic libraries:
0x00007ff6c3ef0000 - 0x00007ff6c3f00000 	C:\Program Files\Java\jdk-19\bin\java.exe
0x00007fff2e190000 - 0x00007fff2e388000 	C:\Windows\SYSTEM32\ntdll.dll
0x00007fff2cc90000 - 0x00007fff2cd4f000 	C:\Windows\System32\KERNEL32.DLL
0x00007fff2bc50000 - 0x00007fff2bf22000 	C:\Windows\System32\KERNELBASE.dll
0x00007fff2bf30000 - 0x00007fff2c030000 	C:\Windows\System32\ucrtbase.dll
0x00007fff1f490000 - 0x00007fff1f4a8000 	C:\Program Files\Java\jdk-19\bin\jli.dll
0x00007ffefef80000 - 0x00007ffefef9b000 	C:\Program Files\Java\jdk-19\bin\VCRUNTIME140.dll
0x00007fff2d2d0000 - 0x00007fff2d37e000 	C:\Windows\System32\ADVAPI32.dll
0x00007fff2e070000 - 0x00007fff2e10e000 	C:\Windows\System32\msvcrt.dll
0x00007fff2cbf0000 - 0x00007fff2cc8c000 	C:\Windows\System32\sechost.dll
0x00007fff2df10000 - 0x00007fff2e035000 	C:\Windows\System32\RPCRT4.dll
0x00007fff2d450000 - 0x00007fff2d5f1000 	C:\Windows\System32\USER32.dll
0x00007fff23450000 - 0x00007fff236ea000 	C:\Windows\WinSxS\amd64_microsoft.windows.common-controls_6595b64144ccf1df_6.0.19041.1110_none_60b5254171f9507e\COMCTL32.dll
0x00007fff2bc20000 - 0x00007fff2bc42000 	C:\Windows\System32\win32u.dll
0x00007fff2e040000 - 0x00007fff2e06b000 	C:\Windows\System32\GDI32.dll
0x00007fff2b9e0000 - 0x00007fff2baef000 	C:\Windows\System32\gdi32full.dll
0x00007fff2c130000 - 0x00007fff2c1cd000 	C:\Windows\System32\msvcp_win.dll
0x00007fff24390000 - 0x00007fff2439a000 	C:\Windows\SYSTEM32\VERSION.dll
0x00007fff2e110000 - 0x00007fff2e142000 	C:\Windows\System32\IMM32.DLL
0x00007fff132e0000 - 0x00007fff132ec000 	C:\Program Files\Java\jdk-19\bin\vcruntime140_1.dll
0x00007ffefd660000 - 0x00007ffefd6ee000 	C:\Program Files\Java\jdk-19\bin\msvcp140.dll
0x00007ffeff130000 - 0x00007ffeffdf0000 	C:\Program Files\Java\jdk-19\bin\server\jvm.dll
0x00007fff149a0000 - 0x00007fff149a9000 	C:\Windows\SYSTEM32\WSOCK32.dll
0x00007fff24360000 - 0x00007fff24387000 	C:\Windows\SYSTEM32\WINMM.dll
0x00007fff2dd70000 - 0x00007fff2dddb000 	C:\Windows\System32\WS2_32.dll
0x00007fff29740000 - 0x00007fff29752000 	C:\Windows\SYSTEM32\kernel.appcore.dll
0x00007fff12b50000 - 0x00007fff12b5a000 	C:\Program Files\Java\jdk-19\bin\jimage.dll
0x00007fff181e0000 - 0x00007fff183c4000 	C:\Windows\SYSTEM32\DBGHELP.DLL
0x00007fff18090000 - 0x00007fff180c5000 	C:\Windows\SYSTEM32\dbgcore.DLL
0x00007fff2c0a0000 - 0x00007fff2c122000 	C:\Windows\System32\bcryptPrimitives.dll
0x00007ffefec50000 - 0x00007ffefec76000 	C:\Program Files\Java\jdk-19\bin\java.dll

dbghelp: loaded successfully - version: 4.0.5 - missing functions: none
symbol engine: initialized successfully - sym options: 0x614 - pdb path: .;C:\Program Files\Java\jdk-19\bin;C:\Windows\SYSTEM32;C:\Windows\WinSxS\amd64_microsoft.windows.common-controls_6595b64144ccf1df_6.0.19041.1110_none_60b5254171f9507e;C:\Program Files\Java\jdk-19\bin\server

VM Arguments:
jvm_args: -Dfile.encoding=UTF-8 --module-path=C:\Users\ASUS\Documents\NetBeansProjects\Hotel Management System\build\classes 
java_command: hotel.management.system.login
java_class_path (initial): C:\Users\ASUS\Downloads\mysql-connector-java-8.0.29\mysql-connector-java-8.0.29.jar;C:\Users\ASUS\Documents\NetBeansProjects\Hotel Management System\build\classes
Launcher Type: SUN_STANDARD

[Global flags]
     intx CICompilerCount                          = 4                                         {product} {ergonomic}
     uint ConcGCThreads                            = 2                                         {product} {ergonomic}
     uint G1ConcRefinementThreads                  = 8                                         {product} {ergonomic}
   size_t G1HeapRegionSize                         = 1048576                                   {product} {ergonomic}
    uintx GCDrainStackTargetSize                   = 64                                        {product} {ergonomic}
   size_t InitialHeapSize                          = 134217728                                 {product} {ergonomic}
   size_t MarkStackSize                            = 4194304                                   {product} {ergonomic}
   size_t MaxHeapSize                              = 2118123520                                {product} {ergonomic}
   size_t MinHeapDeltaBytes                        = 1048576                                   {product} {ergonomic}
   size_t MinHeapSize                              = 8388608                                   {product} {ergonomic}
    uintx NonNMethodCodeHeapSize                   = 5839372                                {pd product} {ergonomic}
    uintx NonProfiledCodeHeapSize                  = 122909434                              {pd product} {ergonomic}
    uintx ProfiledCodeHeapSize                     = 122909434                              {pd product} {ergonomic}
    uintx ReservedCodeCacheSize                    = 251658240                              {pd product} {ergonomic}
     bool SegmentedCodeCache                       = true                                      {product} {ergonomic}
   size_t SoftMaxHeapSize                          = 2118123520                             {manageable} {ergonomic}
     bool UseCompressedClassPointers               = true                           {product lp64_product} {ergonomic}
     bool UseCompressedOops                        = true                           {product lp64_product} {ergonomic}
     bool UseG1GC                                  = true                                      {product} {ergonomic}
     bool UseLargePagesIndividualAllocation        = false                                  {pd product} {ergonomic}

Logging:
Log output configuration:
 #0: stdout all=warning uptime,level,tags foldmultilines=false
 #1: stderr all=off uptime,level,tags foldmultilines=false

Environment Variables:
JAVA_HOME=C:\Program Files\Java\jdk-19
PATH=C:\oraclexe\app\oracle\product\10.2.0\server\bin;C:\Python 3.11\Scripts\;C:\Python 3.11\;C:\Program Files\Common Files\Oracle\Java\javapath;C:\Windows\system32;C:\Windows;C:\Windows\System32\Wbem;C:\Windows\System32\WindowsPowerShell\v1.0\;C:\Windows\System32\OpenSSH\;C:\Program Files\Java\jdk-19\bin;C:\Program Files\nodejs\;C:\Users\ASUS\AppData\Local\Android\Sdk\platform-tools;C:\gradle\bin;C:\Program Files\swipl\bin;C:\Program Files\Git\cmd;C:\Program Files\MySQL\MySQL Shell 8.0\bin\;C:\Users\ASUS\AppData\Local\Microsoft\WindowsApps;C:\Users\ASUS\AppData\Local\Programs\Microsoft VS Code\bin;C:\Program Files (x86)\mingw-w64\x86_64-8.1.0-posix-seh-rt_v6-rev0\mingw64\bin;C:\Users\ASUS\AppData\Roaming\npm;C:\Users\ASUS\AppData\Local\GitHubDesktop\bin
USERNAME=ASUS
OS=Windows_NT
PROCESSOR_IDENTIFIER=Intel64 Family 6 Model 58 Stepping 9, GenuineIntel
TMP=C:\Users\ASUS\AppData\Local\Temp
TEMP=C:\Users\ASUS\AppData\Local\Temp



---------------  S Y S T E M  ---------------

OS:
 Windows 10 , 64 bit Build 19041 (10.0.19041.2364)
OS uptime: 0 days 4:20 hours

CPU: total 8 (initial active 8) (4 cores per cpu, 2 threads per core) family 6 model 58 stepping 9 microcode 0x21, cx8, cmov, fxsr, ht, mmx, sse, sse2, sse3, ssse3, sse4.1, sse4.2, popcnt, tsc, tscinvbit, avx, aes, erms, clmul, vzeroupper, clflush, rdtscp

Memory: 4k page, system-wide physical 8077M (1684M free)
TotalPageFile size 20493M (AvailPageFile size 124M)
current process WorkingSet (physical memory assigned to process): 10M, peak: 10M
current process commit charge ("private bytes"): 60M, peak: 188M

vm_info: Java HotSpot(TM) 64-Bit Server VM (19.0.1+10-21) for windows-amd64 JRE (19.0.1+10-21), built on 2022-09-14T12:45:06Z by "mach5one" with MS VC++ 17.1 (VS2022)

END.
